Determining if the pthread_create exist failed with the following output:
Change Dir: /home/shaw/gazebo_simulation/src/citysim/build/CMakeFiles/CMakeTmp

Run Build Command:"/usr/bin/make" "cmTC_5edec/fast"
/usr/bin/make -f CMakeFiles/cmTC_5edec.dir/build.make CMakeFiles/cmTC_5edec.dir/build
make[1]: Entering directory '/home/shaw/gazebo_simulation/src/citysim/build/CMakeFiles/CMakeTmp'
Building C object CMakeFiles/cmTC_5edec.dir/CheckSymbolExists.c.o
/usr/bin/cc    -o CMakeFiles/cmTC_5edec.dir/CheckSymbolExists.c.o   -c /home/shaw/gazebo_simulation/src/citysim/build/CMakeFiles/CMakeTmp/CheckSymbolExists.c
Linking C executable cmTC_5edec
/usr/bin/cmake -E cmake_link_script CMakeFiles/cmTC_5edec.dir/link.txt --verbose=1
/usr/bin/cc      -rdynamic CMakeFiles/cmTC_5edec.dir/CheckSymbolExists.c.o  -o cmTC_5edec 
CMakeFiles/cmTC_5edec.dir/CheckSymbolExists.c.o: In function `main':
CheckSymbolExists.c:(.text+0x1b): undefined reference to `pthread_create'
collect2: error: ld returned 1 exit status
CMakeFiles/cmTC_5edec.dir/build.make:97: recipe for target 'cmTC_5edec' failed
make[1]: *** [cmTC_5edec] Error 1
make[1]: Leaving directory '/home/shaw/gazebo_simulation/src/citysim/build/CMakeFiles/CMakeTmp'
Makefile:126: recipe for target 'cmTC_5edec/fast' failed
make: *** [cmTC_5edec/fast] Error 2

File /home/shaw/gazebo_simulation/src/citysim/build/CMakeFiles/CMakeTmp/CheckSymbolExists.c:
/* */
#include <pthread.h>

int main(int argc, char** argv)
{
  (void)argv;
#ifndef pthread_create
  return ((int*)(&pthread_create))[argc];
#else
  (void)argc;
  return 0;
#endif
}

Determining if the function pthread_create exists in the pthreads failed with the following output:
Change Dir: /home/shaw/gazebo_simulation/src/citysim/build/CMakeFiles/CMakeTmp

Run Build Command:"/usr/bin/make" "cmTC_0a932/fast"
/usr/bin/make -f CMakeFiles/cmTC_0a932.dir/build.make CMakeFiles/cmTC_0a932.dir/build
make[1]: Entering directory '/home/shaw/gazebo_simulation/src/citysim/build/CMakeFiles/CMakeTmp'
Building C object CMakeFiles/cmTC_0a932.dir/CheckFunctionExists.c.o
/usr/bin/cc   -DCHECK_FUNCTION_EXISTS=pthread_create   -o CMakeFiles/cmTC_0a932.dir/CheckFunctionExists.c.o   -c /usr/share/cmake-3.10/Modules/CheckFunctionExists.c
Linking C executable cmTC_0a932
/usr/bin/cmake -E cmake_link_script CMakeFiles/cmTC_0a932.dir/link.txt --verbose=1
/usr/bin/cc  -DCHECK_FUNCTION_EXISTS=pthread_create    -rdynamic CMakeFiles/cmTC_0a932.dir/CheckFunctionExists.c.o  -o cmTC_0a932 -lpthreads 
/usr/bin/ld: cannot find -lpthreads
collect2: error: ld returned 1 exit status
CMakeFiles/cmTC_0a932.dir/build.make:97: recipe for target 'cmTC_0a932' failed
make[1]: *** [cmTC_0a932] Error 1
make[1]: Leaving directory '/home/shaw/gazebo_simulation/src/citysim/build/CMakeFiles/CMakeTmp'
Makefile:126: recipe for target 'cmTC_0a932/fast' failed
make: *** [cmTC_0a932/fast] Error 2


